HU-0042 FZDR FDTM 9148.39291
ZLG GMAR IQ-0049 7057.54627
SYLD LUTR 9842.64723
NFNA GB-0071 FR-0469 LFDT 19025.19505
OYHD NFKD 15867.70095
LMML LGLR EHHV 3765.66593
PH-0089 VTSE ER-0003 9642.78207
DRRA MR-0002 NCAT 19431.33148
MD-0003 LHBC MK-0003 EHGR 4410.50398
NL-0067 GB-0489 EH-0007 4872.71120
ZZ-0002 DNJA DTTG 8472.70195
SKMJ GUGO DNDS HRYR 13046.33908
CD-0035 HHSB JO-0003 IQ-0037 7586.88675
LMML CD-0010 HRYI FBNT 8161.82314
LFNG DTTI MT-0002 HU-0042 LHSM 4623.16250
LUTR LHSM LFRN 3152.10056
SR-0005 GY-0004 VMMC 17850.77239
IQ-0037 JO-0004 FDNS 8495.25389
LGAT LGSA AM-0009 VDBG 10074.05035
GUCY GR-0028 VYMK 12888.64077
