UZ-0117 AYM VA1J HK-0008 9894.46519
GMFA PT-0099 GB-0557 GB-0624 ES-0048 5667.89675
OIMX TJ-0004 TJ-0006 UZ-0021 OBBS 5135.46342
VOTV VYMK VTCR VYTN VYBM VQBT 7223.17255
DE-0433 GB-0624 ES-0048 3350.24962
GUSI EYVK MD-0006 7571.32542
NCMR HK-0008 VEDB 14225.31960
ESGJ NO-0054 VE-0105 10102.32881
AYEM MM-0001 IN-0059 LUTR 14062.08872
ES-0122 VEPG VVGL 11310.71118
LT-0019 GB-0624 IM-0002 SOOR 10977.58405
UGMM LTCD AL-0010 ESQO 5526.83000
SE-0074 NO-0023 EYKS EDAZ 3927.22765
AGEV VYSO FJDG 12119.43099
LASK SI-0021 SE-0074 EYPA 4327.90908
HETR UG24 LTCM 3411.06306
MM-0001 VEMZ OEPC 6441.77694
OERT AE-0129 LTAS LJPZ 6268.10589
HK-0002 HK-0001 KP-0075 KP-0005 3762.83230
RW-0002 FZQJ 1374.36840
