PT-0070 PARK PARK PARK PARK PARK PARK PARK PARK PARK PARK PARK PARK PARK PARK SI-0001 LIDA SI-0025 OJAQ 6979.63269
HHMS PARK PARK PARK PT-0067 5697.21086
GMFO PARK HL66 LY-0003 PARK PARK HUKD 6932.04262
YSNF PARK PARK PARK PARK PARK PARK PARK BPF JP-1995 8451.46658
NFTF PARK NFVB NFTV NFTE PARK PARK PARK NFNA ENTC 18266.54522
LSPK PARK PARK PARK PARK LIDA PARK PARK SI-0001 GVSF 6843.36478
VONS LY-DNF PARK PARK PARK BA-0006 PARK EPGI 9589.11955
LQVI PARK PARK IT-0531 SI-0019 PARK PL-0178 OJMS 5576.12286
BD-0039 TH-0015 1923.01545
VISR HSRJ HRYU PARK PARK PARK HKMS 8796.66842
FDBM TF-0001 TH-0004 9643.53531
HRZA HL64 BA-0007 6253.13734
DNIL PARK PARK PARK ER-0004 VRAH 8385.95837
SMVO PARK PARK PARK PARK PARK PARK PARK PARK SMCI DBBR FSDA 13922.88965
HRYN PARK PARK PARK PARK TZ-0054 IN-0107 VGSY 9185.58415
VTPO VDBG HKMS 9094.00216
UG-0007 PARK PARK PARK PARK PARK PARK PARK NG-0007 BYL PARK PARK PARK PARK PARK PARK PARK GLBU 6106.06925
RORY UBBA PARK PARK JO-0006 PARK PARK UNIS 15310.41384
LV-0017 PARK PARK PARK UAFW AGBA PARK NFNR 17192.43061
UB18 PARK PARK PARK PARK AZ-0013 PARK PARK PARK PARK ELNT PT-0112 6515.21604
