LJNM LOIJ PARK PARK IQ-0019 3925.32812
MZ-0052 PARK EH-0001 EH-0005 8629.98741
DAOS PARK PARK PARK LOIJ PARK ORTI 5732.18777
GF-0010 PARK RK6D KP-0023 PARK PARK RK44 KR-0207 18025.72772
NE-0004 PARK PARK ORSH SY-0014 4732.36252
WPFL PH-0355 PARK PGUA NFTV 10977.16230
NC-0005 PGUM FI-0012 PARK LKVL 17349.11011
FQXA TZ-0106 PARK PARK PARK PARK PARK PARK PARK PARK PARK PARK PARK PARK PARK FXMM FDBT PARK PARK PARK PARK PARK FQ49 FDTS 8965.83207
PGUM KP-0043 BY-0034 11013.91209
FBKK PARK PARK SCEK PARK PARK PARK PARK PARK SCTO 10438.97106
RKTE PARK PARK PARK PARK PARK RK6D GF-0009 16510.68768
FXKB PARK PARK PARK PARK FXQN TJ-UT44 10032.24092
UG-0009 HUKJ UT1J UTAA 6788.13611
LOWS PARK PARK PARK PARK PARK PARK PARK PARK PARK PARK PARK PARK PARK ELNT BY-0040 2813.15307
FMCH PARK HUKC LYPT RS-0033 PARK BY-3111 9843.31914
FOGQ CM-0004 GA-0001 FSPP PARK VREI 9415.30861
XK-0002 PARK PARK PARK OAYW MV-0011 8889.28375
HR-0015 PARK PARK PARK PARK PARK PARK SI-0014 DAOB DZ-0030 4916.96048
LYDK HR-0015 TW-0032 10667.49712
DRRU PARK PARK PARK DAOS LOIJ PARK PARK PARK PARK PARK PARK LOGP 5586.08088
