LJNM LOIJ IQ-0019 3929.68062
MZ-0052 EH-0001 EH-0005 8926.65088
DAOS LOIJ ORTI 5621.90152
GF-0010 RK6D KP-0023 RK44 KR-0207 18069.17035
NE-0004 ORSH SY-0014 5052.59432
WPFL PH-0355 PGUA NFTV 11221.61555
NC-0005 PGUM FI-0012 LKVL 17458.10198
FQXA TZ-0106 FXMM FDBT FQ49 FDTS 9226.06724
PGUM KP-0043 BY-0034 11291.97519
FBKK SCEK SCTO 10668.49606
RKTE RK6D GF-0009 16717.22168
FXKB FXQN TJ-UT44 10164.54093
UG-0009 HUKJ UT1J UTAA 6996.51688
LOWS ELNT BY-0040 2832.42682
FMCH FSSD TM-0001 BY-3111 10101.03142
FOGQ CM-0004 GA-0001 FSPP VREI 9537.30611
XK-0002 OAYW MV-0011 9210.08155
HR-0015 SI-0014 DAOB DZ-0030 4851.61757
LYDK HR-0015 TW-0032 11036.94027
DRRU DAOS LOIJ LOGP 5782.37749
