DRZT PARK PARK DTTX PARK PARK PARK PARK DE-0222 EDDG 5474.47513
UA-0145 GN-0001 6344.23435
DE-0767 PARK PARK PARK PF-0002 16375.39359
EDTK PARK PARK EDDG PARK PARK PARK PARK PARK PARK GB-0676 PARK PARK PARK PARK PARK NVSE 17986.53532
OEHW PARK PARK HUMW PARK FWSU 5858.47574
FDNH PARK PY-0063 PARK PARK SPOA 12473.42858
NTGM NVSS VGCB LK-0001 17244.20358
DTTF PARK PARK SUCL PY-0030 12138.38211
DRZL PARK FR-0258 PARK PARK LYKT PARK GB-0854 7278.05012
GLCP SD-0004 MY-0041 13253.37210
GLMR DTTI PARK LSZH 6075.36568
FR-0307 PARK PARK PARK PARK PARK PARK PARK BG-0067 OBBI 5394.26384
GABF PARK PARK PARK PARK PARK PARK PARK PARK PARK GANK PARK DGAA DGTK CM-0009 GN-0001 8491.22304
SK-0011 PARK PARK PARK PARK ELUS DE-0068 PARK GB-0826 RI22 9288.17558
ZW-0007 PARK PARK PARK SO-0019 3621.26563
LSTA PARK PARK PARK PARK ELLX LIDA PARK PARK RS-0006 2810.77645
LEIG BG-0119 PARK PARK AM-0003 AM-0009 4894.67501
OLRA PARK PARK UGEJ FLMO ZM-0002 8932.01205
SK-0011 ELUS 1420.75496
SGES PARK ZM-0019 FVCV FDST FMCV 13513.83223
