PT-0070 SI-0001 LIDA SI-0025 OJAQ 7288.74609
HHMS PT-0067 5781.24086
GMFO DRZT FTTN SS-0017 HUKD 7744.65247
YSNF BPF JP-1995 8677.65285
NFTF NFNU NVSD ID-0001 ENTC 19094.32944
LSPK LQMO GVSF 7007.49199
VONS LY-DNF BA-0006 EPGI 9699.29418
LQVI IT-0531 SI-0019 PL-0178 OJMS 5516.19486
BD-0039 TH-0015 2147.50965
VISR HSRJ HRYU HKMS 8899.82342
FDBM TF-0001 TH-0004 9624.65302
HRZA SD-0001 BA-0007 6456.09719
DNIL ER-0004 VRAH 8587.86718
SMVO SMCI DBBR FSDA 13986.18590
HRYN TZ-0084 TZ-0122 VGSY 9266.09794
VTPO VDBG HKMS 9052.89466
UG-0007 NG-0007 BYL GLBU 6302.55310
RORY UBBA JO-0006 UNIS 15494.24170
LV-0017 UAFW AGBA NFNR 17488.53231
UB18 HESW PT-0112 6817.20765
