DRZT DTTX DE-0222 EDDG 5827.78213
UA-0145 GN-0001 6367.05610
DE-0767 PF-0002 16351.44234
EDTK EDDG GB-0676 NVSE 17934.95282
OEHW HUMW FWSU 6141.91023
FDNH PY-0063 SPOA 12515.29678
NTGM NVSS VGCB LK-0001 17810.70588
DTTF SUCL PY-0030 12198.86011
DRZL FR-0258 LYKT GB-0854 7466.01062
GLCP SD-0004 MY-0041 13428.89010
GLMR DTTI LSZH 6120.83318
FR-0307 BG-0067 OBBI 5360.06779
GABF LEMS GCRR GN-0001 9067.41524
SK-0011 ELUS DE-0068 GB-0826 RI22 9182.61445
ZW-0007 SO-0019 3568.16938
LSTA ELLX LIDA RS-0006 3269.83637
LEIG BG-0119 AM-0003 AM-0009 5304.08781
OLRA UGEJ FLMO ZM-0002 9552.39693
SK-0011 ELUS 1602.87252
SGES ZM-0019 FVCV FDST FMCV 14139.34323
