HU-0042 FZDR FDTM 9239.12791
ZLG GMAR IQ-0049 7172.90713
SYLD LUTR 9800.80735
NFNA GB-0071 FR-0469 LFDT 19482.34636
OYHD NFKD 15930.96290
LMML LGLR EHHV 3539.74793
PH-0089 VTSE ER-0003 9905.70627
DRRA MR-0002 NCAT 19555.39991
MD-0003 LHBC MK-0003 EHGR 4556.05349
NL-0067 GB-0489 EH-0007 4670.28545
ZZ-0002 PARK PARK PARK DNJA DTTG 8561.29797
SKMJ PARK PARK PARK GUXN DRRU HRYR 13172.30602
CD-0035 PARK HHSB PARK JO-0003 IQ-0037 7317.13693
LMML CD-0010 HRYI FBNT 7949.09470
LFNG PT-0099 LPMU LHSM 4421.01750
LUTR PARK MD-0006 LFRN 3237.36431
SR-0005 GY-0004 VMMC 17733.52152
IQ-0037 PARK PARK JO-0004 FDNS 8384.90253
LGAT LGSA AM-0009 VDBG 9772.71881
GUCY GR-0028 VYMK 12761.12876
