UZ-0117 AYM PARK VA1J HK-0008 10095.10234
GMFA PT-0099 PARK GB-0557 GB-0624 ES-0048 5877.37452
OIMX PARK HETR OE53 OBBS 5375.56650
VOTV VYMK VTCR VYTN VYBM VQBT 7794.64982
DE-0433 GB-0624 ES-0048 3516.50032
GUSI EYVK MD-0006 7572.56748
NCMR HK-0008 VEDB 14377.76980
ESGJ NO-0054 VE-0105 10110.44505
AYEM MM-0001 IN-0059 LUTR 14010.24388
ES-0122 VEPG VVGL 11166.74043
LT-0019 PARK PARK GB-0624 IM-0002 SOOR 10824.23405
UGMM PARK PARK LTCD AL-0010 ESQO 5773.47227
SE-0074 NO-0023 PARK EYKS EDAZ 3729.92570
AGEV VYSO FJDG 12402.21396
LASK PARK SI-0021 PARK SE-0074 EYPA 3858.12607
HETR UG24 LTCM 3567.22423
MM-0001 VEMZ OEPC 6215.82169
OERT PARK AE-0129 LTAS LJPZ 6239.34552
HK-0002 HK-0001 KP-0075 KP-0005 3467.26150
RW-0002 FZQJ 1562.01390
