LYDK LT-0019 EYAL KZ-0077 KP-0072 11208.12271
OTHH OTBK AE-0129 PARK AHY MZ-0004 8247.00284
IL-0007 PARK LLSD OJ38 YSNB 12990.80497
TZ-0133 PARK ER-0001 LLSD EYSB 8599.43574
AGKG YMCT FAEO 14549.91168
GW-0001 GGGB FDUB 7672.79405
VN-0038 PARK FMNN ZZ-0002 PARK RE-0006 10080.43657
WBGK EYJB LSPN 12045.60873
WBKU PARK WBGR MY-0022 WBGK ID-0176 6500.47567
FMEP RE-0006 MV-0011 4112.54663
KZ-0079 KR-0017 KI-0001 10850.92310
NGON AGEV HTMG 16377.42547
ZA-0070 PARK FDUB GH-0002 6648.47888
LSPN LSGK HHTS 5353.43771
FMNS PARK FWSU 2200.74313
FWLK PARK TZ-0136 VN-0055 6127.67453
FMSF FDTS FXPG BW-0061 4024.53898
ZMTL PARK VGJR VREI PARK ZZ-0002 FR-0314 12320.26993
LL60 LLMR 674.42263
BITM KP-0019 PARK RK39 PWAK 14068.13987
