LYDK LT-0019 EYAL KZ-0077 KP-0072 11228.13271
OTHH OTBK AE-0129 AHY MZ-0004 8080.79601
IL-0007 LLSD OJ38 YSNB 12931.14884
TZ-0133 ER-0001 LLSD EYSB 8960.72344
AGKG YMCT FAEO 14530.36908
GW-0001 GGGB FDUB 7539.05825
VN-0038 FMNN ZZ-0002 RE-0006 10416.56846
WBGK XK-0002 LSPN 11949.18414
WBKU WBGR MY-0022 WBGK ID-0176 6757.85345
FMEP RE-0006 MV-0011 4070.10038
KZ-0079 KR-0017 KI-0001 11134.64300
NGON AGEV HTMG 16394.32774
ZA-0070 FDUB GH-0002 6515.03389
LSPN LSGK HHTS 5300.28146
FMNS FWSU 2259.20789
FWLK TZ-0136 VN-0055 6440.05143
FMSF FDTS FXPG BW-0061 3966.16948
ZMTL VGJR VREI ZZ-0002 FR-0314 12367.74360
LL60 LLMR 677.17314
BITM KP-0019 RK39 PWAK 14124.97792
